e:\gameengine\gameengine\exam_assignment\digdug\x64\debug\digdug.pch
e:\gameengine\gameengine\exam_assignment\digdug\x64\debug\vc141.pdb
e:\gameengine\gameengine\exam_assignment\digdug\x64\debug\vc141.idb
e:\gameengine\gameengine\exam_assignment\digdug\x64\debug\miniginpch.obj
e:\gameengine\gameengine\exam_assignment\digdug\x64\debug\testscene.obj
e:\gameengine\gameengine\exam_assignment\digdug\x64\debug\minigin.obj
e:\gameengine\gameengine\exam_assignment\digdug\x64\debug\maincharcomponent.obj
e:\gameengine\gameengine\exam_assignment\digdug\x64\debug\main.obj
e:\gameengine\gameengine\exam_assignment\digdug\x64\debug\ghostcomponent.obj
e:\gameengine\gameengine\exam_assignment\digdug\x64\debug\firecomponent.obj
e:\gameengine\gameengine\exam_assignment\digdug\x64\debug\charactercomponent.obj
e:\gameengine\gameengine\exam_assignment\x64\debug\digdug.lib
e:\gameengine\gameengine\exam_assignment\x64\debug\digdug.exp
e:\gameengine\gameengine\exam_assignment\x64\debug\digdug.exe
e:\gameengine\gameengine\exam_assignment\x64\debug\digdug.ilk
e:\gameengine\gameengine\exam_assignment\x64\debug\digdug.pdb
e:\gameengine\gameengine\exam_assignment\digdug\x64\debug\digdug.tlog\cl.command.1.tlog
e:\gameengine\gameengine\exam_assignment\digdug\x64\debug\digdug.tlog\cl.read.1.tlog
e:\gameengine\gameengine\exam_assignment\digdug\x64\debug\digdug.tlog\cl.write.1.tlog
e:\gameengine\gameengine\exam_assignment\digdug\x64\debug\digdug.tlog\digdug.write.1u.tlog
e:\gameengine\gameengine\exam_assignment\digdug\x64\debug\digdug.tlog\link.command.1.tlog
e:\gameengine\gameengine\exam_assignment\digdug\x64\debug\digdug.tlog\link.read.1.tlog
e:\gameengine\gameengine\exam_assignment\digdug\x64\debug\digdug.tlog\link.write.1.tlog
