e:\daegameengine\gameengine\exam_assignment\minigin\debug\minigin.pch
e:\daegameengine\gameengine\exam_assignment\minigin\debug\minigin.pdb
e:\daegameengine\gameengine\exam_assignment\minigin\debug\minigin.idb
e:\daegameengine\gameengine\exam_assignment\minigin\debug\miniginpch.obj
e:\daegameengine\gameengine\exam_assignment\minigin\debug\solidcomponent.obj
e:\daegameengine\gameengine\exam_assignment\minigin\debug\seekcomponent.obj
e:\daegameengine\gameengine\exam_assignment\minigin\debug\scenemanager.obj
e:\daegameengine\gameengine\exam_assignment\minigin\debug\scene.obj
e:\daegameengine\gameengine\exam_assignment\minigin\debug\resourcemanager.obj
e:\daegameengine\gameengine\exam_assignment\minigin\debug\renderer.obj
e:\daegameengine\gameengine\exam_assignment\minigin\debug\observer.obj
e:\daegameengine\gameengine\exam_assignment\minigin\debug\movecomponent.obj
e:\daegameengine\gameengine\exam_assignment\minigin\debug\minigin.obj
e:\daegameengine\gameengine\exam_assignment\minigin\debug\log.obj
e:\daegameengine\gameengine\exam_assignment\minigin\debug\inputmanager.obj
e:\daegameengine\gameengine\exam_assignment\minigin\debug\gameobject.obj
e:\daegameengine\gameengine\exam_assignment\minigin\debug\fpscomponent.obj
e:\daegameengine\gameengine\exam_assignment\minigin\debug\font.obj
e:\daegameengine\gameengine\exam_assignment\minigin\debug\fleecomponent.obj
e:\daegameengine\gameengine\exam_assignment\minigin\debug\connectioncomponent.obj
e:\daegameengine\gameengine\exam_assignment\minigin\debug\commands.obj
e:\daegameengine\gameengine\exam_assignment\minigin\debug\collisioncomponent.obj
e:\daegameengine\gameengine\exam_assignment\minigin\debug\basecomponent.obj
e:\daegameengine\gameengine\exam_assignment\minigin\debug\aicomponent.obj
e:\daegameengine\gameengine\exam_assignment\minigin\debug\wandercomponent.obj
e:\daegameengine\gameengine\exam_assignment\minigin\debug\transform.obj
e:\daegameengine\gameengine\exam_assignment\minigin\debug\texture2d.obj
e:\daegameengine\gameengine\exam_assignment\minigin\debug\textobject.obj
e:\daegameengine\gameengine\exam_assignment\minigin\debug\textcomponent.obj
e:\daegameengine\gameengine\exam_assignment\debug\minigin.lib
e:\daegameengine\gameengine\exam_assignment\debug\minigin.pdb
e:\daegameengine\gameengine\exam_assignment\minigin\debug\minigin.tlog\cl.command.1.tlog
e:\daegameengine\gameengine\exam_assignment\minigin\debug\minigin.tlog\cl.read.1.tlog
e:\daegameengine\gameengine\exam_assignment\minigin\debug\minigin.tlog\cl.write.1.tlog
e:\daegameengine\gameengine\exam_assignment\minigin\debug\minigin.tlog\lib-link.read.1.tlog
e:\daegameengine\gameengine\exam_assignment\minigin\debug\minigin.tlog\lib-link.write.1.tlog
e:\daegameengine\gameengine\exam_assignment\minigin\debug\minigin.tlog\lib.command.1.tlog
