e:\daegameengine\gameengine\exam_assignment\minigin\win32\debug\minigin.pch
e:\daegameengine\gameengine\exam_assignment\minigin\win32\debug\vc141.pdb
e:\daegameengine\gameengine\exam_assignment\minigin\win32\debug\vc141.idb
e:\daegameengine\gameengine\exam_assignment\minigin\win32\debug\miniginpch.obj
e:\daegameengine\gameengine\exam_assignment\minigin\win32\debug\transform.obj
e:\daegameengine\gameengine\exam_assignment\minigin\win32\debug\texture2d.obj
e:\daegameengine\gameengine\exam_assignment\minigin\win32\debug\textobject.obj
e:\daegameengine\gameengine\exam_assignment\minigin\win32\debug\textcomponent.obj
e:\daegameengine\gameengine\exam_assignment\minigin\win32\debug\scenemanager.obj
e:\daegameengine\gameengine\exam_assignment\minigin\win32\debug\scene.obj
e:\daegameengine\gameengine\exam_assignment\minigin\win32\debug\resourcemanager.obj
e:\daegameengine\gameengine\exam_assignment\minigin\win32\debug\renderer.obj
e:\daegameengine\gameengine\exam_assignment\minigin\win32\debug\main.obj
e:\daegameengine\gameengine\exam_assignment\minigin\win32\debug\log.obj
e:\daegameengine\gameengine\exam_assignment\minigin\win32\debug\gameobject.obj
e:\daegameengine\gameengine\exam_assignment\minigin\win32\debug\fpscomponent.obj
e:\daegameengine\gameengine\exam_assignment\minigin\win32\debug\font.obj
e:\daegameengine\gameengine\exam_assignment\minigin\win32\debug\basecomponent.obj
e:\daegameengine\gameengine\exam_assignment\minigin\win32\debug\minigin.tlog\cl.command.1.tlog
e:\daegameengine\gameengine\exam_assignment\minigin\win32\debug\minigin.tlog\cl.read.1.tlog
e:\daegameengine\gameengine\exam_assignment\minigin\win32\debug\minigin.tlog\cl.write.1.tlog
