  MiniginPCH.cpp
  Font.cpp
  GameObject.cpp
  InputManager.cpp
  Log.cpp
  Main.cpp
  Minigin.cpp
  Renderer.cpp
  ResourceManager.cpp
  Scene.cpp
  SceneManager.cpp
  TextObject.cpp
  Texture2D.cpp
  Transform.cpp
  Generating Code...
     Creating library E:\GameEngine\GameEngine\Exam_Assignment\x64\Debug\Minigin.lib and object E:\GameEngine\GameEngine\Exam_Assignment\x64\Debug\Minigin.exp
  Minigin.vcxproj -> E:\GameEngine\GameEngine\Exam_Assignment\x64\Debug\Minigin.exe
  'xcopy' is not recognized as an internal or external command,
  operable program or batch file.
  'xcopy' is not recognized as an internal or external command,
  operable program or batch file.
  'xcopy' is not recognized as an internal or external command,
  operable program or batch file.
C:\Program Files (x86)\Microsoft Visual Studio\2017\Professional\Common7\IDE\VC\VCTargets\Microsoft.CppCommon.targets(138,5): error MSB3073: The command "xcopy "E:\GameEngine\GameEngine\Exam_Assignment\3rdParty\SDL2\lib\x64\SDL2.dll" "E:\GameEngine\GameEngine\Exam_Assignment\x64\Debug\" /R /Y
C:\Program Files (x86)\Microsoft Visual Studio\2017\Professional\Common7\IDE\VC\VCTargets\Microsoft.CppCommon.targets(138,5): error MSB3073: xcopy "E:\GameEngine\GameEngine\Exam_Assignment\3rdParty\SDL2_image\lib\x64\*.dll" "E:\GameEngine\GameEngine\Exam_Assignment\x64\Debug\" /R /Y
C:\Program Files (x86)\Microsoft Visual Studio\2017\Professional\Common7\IDE\VC\VCTargets\Microsoft.CppCommon.targets(138,5): error MSB3073: xcopy "E:\GameEngine\GameEngine\Exam_Assignment\3rdParty\SDL2_ttf\lib\x64\*.dll" "E:\GameEngine\GameEngine\Exam_Assignment\x64\Debug\" /R /Y
C:\Program Files (x86)\Microsoft Visual Studio\2017\Professional\Common7\IDE\VC\VCTargets\Microsoft.CppCommon.targets(138,5): error MSB3073: :VCEnd" exited with code 9009.
