e:\daegameengine\gameengine\exam_assignment\digdug\debug\digdug.pch
e:\daegameengine\gameengine\exam_assignment\digdug\debug\vc141.pdb
e:\daegameengine\gameengine\exam_assignment\digdug\debug\vc141.idb
e:\daegameengine\gameengine\exam_assignment\digdug\debug\miniginpch.obj
e:\daegameengine\gameengine\exam_assignment\digdug\debug\testscene.obj
e:\daegameengine\gameengine\exam_assignment\digdug\debug\scoreobserver.obj
e:\daegameengine\gameengine\exam_assignment\digdug\debug\rockcomponent.obj
e:\daegameengine\gameengine\exam_assignment\digdug\debug\pookacomponent.obj
e:\daegameengine\gameengine\exam_assignment\digdug\debug\enemybehaviour.obj
e:\daegameengine\gameengine\exam_assignment\digdug\debug\mapgenerator.obj
e:\daegameengine\gameengine\exam_assignment\digdug\debug\maincharcomponent.obj
e:\daegameengine\gameengine\exam_assignment\digdug\debug\main.obj
e:\daegameengine\gameengine\exam_assignment\digdug\debug\healthcomponent.obj
e:\daegameengine\gameengine\exam_assignment\digdug\debug\guncomponent.obj
e:\daegameengine\gameengine\exam_assignment\digdug\debug\ghostcomponent.obj
e:\daegameengine\gameengine\exam_assignment\digdug\debug\fygarcomponent.obj
e:\daegameengine\gameengine\exam_assignment\digdug\debug\fygarbehaviourh.obj
e:\daegameengine\gameengine\exam_assignment\digdug\debug\firecomponent.obj
e:\daegameengine\gameengine\exam_assignment\digdug\debug\charactercomponent.obj
e:\daegameengine\gameengine\exam_assignment\digdug\debug\characterbehaviour.obj
e:\daegameengine\gameengine\exam_assignment\debug\digdug.lib
e:\daegameengine\gameengine\exam_assignment\debug\digdug.exp
e:\daegameengine\gameengine\exam_assignment\debug\digdug.ilk
e:\daegameengine\gameengine\exam_assignment\debug\digdug.exe
e:\daegameengine\gameengine\exam_assignment\debug\digdug.pdb
e:\daegameengine\gameengine\exam_assignment\digdug\debug\digdug.tlog\cl.command.1.tlog
e:\daegameengine\gameengine\exam_assignment\digdug\debug\digdug.tlog\cl.read.1.tlog
e:\daegameengine\gameengine\exam_assignment\digdug\debug\digdug.tlog\cl.write.1.tlog
e:\daegameengine\gameengine\exam_assignment\digdug\debug\digdug.tlog\digdug.write.1u.tlog
e:\daegameengine\gameengine\exam_assignment\digdug\debug\digdug.tlog\link.command.1.tlog
e:\daegameengine\gameengine\exam_assignment\digdug\debug\digdug.tlog\link.read.1.tlog
e:\daegameengine\gameengine\exam_assignment\digdug\debug\digdug.tlog\link.write.1.tlog
